Aligning contigs to reference...
	Aligning contigs to the reference
Filtering alignments...
Parsing coords...
Loading reference...
	Loaded [Pt]
	Loaded [1]
	Loaded [Mt]
	Loaded [3]
	Loaded [2]
	Loaded [5]
	Loaded [4]
	Total Regions: 7
	Total Region Length: 119667750
Analyzing contigs...
CONTIG: alignment0 (7771bp)
Best alignment score: 245.0 (LEN: 256, IDY: 95.70), Total number of alignments: 4
			Looking for the best set of alignments (out of 4 total alignments)
			Skipping redundant alignments after choosing the best set of alignments
		Skipping redundant alignment 15132546 15132780 | 235 1 | 235 235 | 100.0 | 3 alignment0
		Skipping redundant alignment 13793166 13793241 | 7279 7354 | 76 76 | 98.68 | 1 alignment0
		Skipping redundant alignment 8447013 8447241 | 7763 7535 | 229 229 | 96.51 | 5 alignment0
			The best set is below. Score: 245.0, number of alignments: 1, unaligned bases: 7515
		This contig is partially unaligned. (Aligned 256 out of 7771 non-N bases (3.29%))
		Alignment: 18652078 18652333 | 7508 7763 | 256 256 | 95.7 | 3 alignment0
		Unaligned bases: 1 to 7507 (7507)
		Unaligned bases: 7764 to 7771 (8)

CONTIG: alignment1 (5567bp)
Best alignment score: 309.1 (LEN: 322, IDY: 95.98), Total number of alignments: 1
			Looking for the best set of alignments (out of 1 total alignments)
			The best set is below. Score: 309.1, number of alignments: 1, unaligned bases: 5245
		This contig is partially unaligned. (Aligned 322 out of 5567 non-N bases (5.78%))
		Alignment: 24884942 24885264 | 322 1 | 323 322 | 95.98 | 1 alignment1
		Unaligned bases: 323 to 5567 (5245)

CONTIG: alignment2 (5489bp)
Best alignment score: 92.0 (LEN: 94, IDY: 97.89), Total number of alignments: 2
			Looking for the best set of alignments (out of 2 total alignments)
			Skipping redundant alignments after choosing the best set of alignments
		Skipping redundant alignment 3156376 3156450 | 5449 5375 | 75 75 | 98.67 | 2 alignment2
			The best set is below. Score: 92.0, number of alignments: 1, unaligned bases: 5395
		This contig is partially unaligned. (Aligned 94 out of 5489 non-N bases (1.71%))
		Alignment: 3139965 3140059 | 5449 5356 | 95 94 | 97.89 | 2 alignment2
		Unaligned bases: 1 to 5355 (5355)
		Unaligned bases: 5450 to 5489 (40)

CONTIG: alignment3 (5243bp)
Best alignment score: 594.0 (LEN: 596, IDY: 99.66), Total number of alignments: 2
			Looking for the best set of alignments (out of 2 total alignments)
			Skipping redundant alignments after choosing the best set of alignments
		Skipping redundant alignment 11755417 11755547 | 5243 5113 | 131 131 | 99.24 | 4 alignment3
			The best set is below. Score: 594.0, number of alignments: 1, unaligned bases: 4647
		This contig is partially unaligned. (Aligned 596 out of 5243 non-N bases (11.37%))
		Alignment: 11754866 11755462 | 596 1 | 597 596 | 99.66 | 4 alignment3
		Unaligned bases: 597 to 5243 (4647)

CONTIG: alignment4 (3560bp)
Best alignment score: 128.0 (LEN: 133, IDY: 96.24), Total number of alignments: 2
			Looking for the best set of alignments (out of 2 total alignments)
			The best set is below. Score: 207.0, number of alignments: 2, unaligned bases: 3321
		This contig is misassembled.
		This contig is partially unaligned. (Aligned 239 out of 3560 non-N bases (6.71%))
			Warning! This contig is more unaligned than misassembled. Contig length is 3560 (number of Ns: 0) and total length of all aligns is 239
		Alignment: 14474747 14474878 | 2237 2369 | 132 133 | 96.24 | 3 alignment4
		Alignment: 14475728 14475833 | 3130 3235 | 106 106 | 97.17 | 3 alignment4
		Unaligned bases: 3321

CONTIG: alignment5 (3362bp)
Best alignment score: 525.0 (LEN: 552, IDY: 95.11), Total number of alignments: 1
			Looking for the best set of alignments (out of 1 total alignments)
			The best set is below. Score: 525.0, number of alignments: 1, unaligned bases: 2810
		This contig is partially unaligned. (Aligned 552 out of 3362 non-N bases (16.42%))
		Alignment: 12487387 12487938 | 1 552 | 552 552 | 95.11 | 5 alignment5
		Unaligned bases: 553 to 3362 (2810)

CONTIG: alignment6 (3355bp)
Best alignment score: 157.0 (LEN: 162, IDY: 96.91), Total number of alignments: 28
			Looking for the best set of alignments (out of 28 total alignments)
			Skipping redundant alignments after choosing the best set of alignments
		Skipping redundant alignment 15148144 15148275 | 6 139 | 132 134 | 96.27 | 1 alignment6
		Skipping redundant alignment 15106206 15106347 | 1 142 | 142 142 | 97.18 | 1 alignment6
		Skipping redundant alignment 15104593 15104750 | 1 158 | 158 158 | 96.2 | 1 alignment6
		Skipping redundant alignment 15311786 15311861 | 87 162 | 76 76 | 97.37 | 1 alignment6
		Skipping redundant alignment 15412488 15412563 | 87 162 | 76 76 | 97.37 | 1 alignment6
		Skipping redundant alignment 15409868 15409943 | 87 162 | 76 76 | 97.37 | 1 alignment6
		Skipping redundant alignment 15172527 15172602 | 87 162 | 76 76 | 96.05 | 1 alignment6
		Skipping redundant alignment 15170531 15170606 | 87 162 | 76 76 | 96.05 | 1 alignment6
		Skipping redundant alignment 15174543 15174618 | 87 162 | 76 76 | 96.05 | 1 alignment6
		Skipping redundant alignment 15176539 15176614 | 87 162 | 76 76 | 96.05 | 1 alignment6
		Skipping redundant alignment 15349359 15349516 | 5 162 | 158 158 | 96.84 | 1 alignment6
		Skipping redundant alignment 15249082 15249239 | 5 162 | 158 158 | 96.84 | 1 alignment6
		Skipping redundant alignment 15251262 15251419 | 5 162 | 158 158 | 96.84 | 1 alignment6
		Skipping redundant alignment 15364445 15364606 | 1 162 | 162 162 | 96.91 | 1 alignment6
		Skipping redundant alignment 15262495 15262656 | 1 162 | 162 162 | 96.91 | 1 alignment6
		Skipping redundant alignment 15266348 15266509 | 1 162 | 162 162 | 96.91 | 1 alignment6
		Skipping redundant alignment 15397456 15397617 | 1 162 | 162 162 | 96.3 | 1 alignment6
		Skipping redundant alignment 15195028 15195189 | 1 162 | 162 162 | 96.3 | 1 alignment6
		Skipping redundant alignment 15197137 15197298 | 1 162 | 162 162 | 96.3 | 1 alignment6
		Skipping redundant alignment 15299374 15299535 | 1 162 | 162 162 | 96.3 | 1 alignment6
		Skipping redundant alignment 15231490 15231651 | 1 162 | 162 162 | 95.68 | 1 alignment6
		Skipping redundant alignment 15328610 15328771 | 1 162 | 162 162 | 95.68 | 1 alignment6
		Skipping redundant alignment 15335027 15335188 | 1 162 | 162 162 | 95.68 | 1 alignment6
		Skipping redundant alignment 15237908 15238069 | 1 162 | 162 162 | 95.68 | 1 alignment6
		Skipping redundant alignment 15101746 15101907 | 1 162 | 162 162 | 95.06 | 1 alignment6
		Skipping redundant alignment 15233071 15233232 | 1 162 | 162 162 | 95.06 | 1 alignment6
		Skipping redundant alignment 15330190 15330351 | 1 162 | 162 162 | 95.06 | 1 alignment6
		This contig has several significant sets of alignments. [An ambiguously mapped contig]
		Using only the very best set (option --ambiguity-usage is set to "one").
			The best set is below. Score: 157.0, number of alignments: 1, unaligned bases: 3193
		This contig is partially unaligned. (Aligned 162 out of 3355 non-N bases (4.83%))
		Alignment: 15360592 15360753 | 1 162 | 162 162 | 96.91 | 1 alignment6
		Unaligned bases: 163 to 3355 (3193)

CONTIG: alignment7 (2847bp)
Best alignment score: 2823.1 (LEN: 2847, IDY: 99.16), Total number of alignments: 2
		This contig has 2 significant alignments. [An ambiguously mapped contig]
		Using only first of these alignment (option --ambiguity-usage is set to "one"):
			Alignment: 88007 90877 | 2847 1 | 2871 2847 | 99.16 | Pt alignment7
			Skipping alignment 147772 150642 | 1 2847 | 2871 2847 | 99.16 | Pt alignment7

CONTIG: alignment8 (2846bp)
Best alignment score: 374.0 (LEN: 378, IDY: 98.94), Total number of alignments: 2
			Looking for the best set of alignments (out of 2 total alignments)
			Skipping redundant alignments after choosing the best set of alignments
		Skipping redundant alignment 14014730 14014820 | 245 155 | 91 91 | 95.6 | 3 alignment8
			The best set is below. Score: 374.0, number of alignments: 1, unaligned bases: 2468
		This contig is partially unaligned. (Aligned 378 out of 2846 non-N bases (13.28%))
		Alignment: 11227039 11227416 | 2469 2846 | 378 378 | 98.94 | 5 alignment8
		Unaligned bases: 1 to 2468 (2468)

CONTIG: alignment9 (2755bp)
		This contig is unaligned. (2755 bp)
		Unaligned bases: 2755 (number of Ns: 0)

CONTIG: alignment10 (2720bp)
Best alignment score: 2720.0 (LEN: 2720, IDY: 100.00), Total number of alignments: 2
		This contig has 2 significant alignments. [An ambiguously mapped contig]
		Using only first of these alignment (option --ambiguity-usage is set to "one"):
			Alignment: 139280 141999 | 2720 1 | 2720 2720 | 100.0 | Pt alignment10
			Skipping alignment 96650 99369 | 1 2720 | 2720 2720 | 100.0 | Pt alignment10

CONTIG: alignment11 (2574bp)
Best alignment score: 2574.0 (LEN: 2574, IDY: 100.00), Total number of alignments: 2
		This contig has 2 significant alignments. [An ambiguously mapped contig]
		Using only first of these alignment (option --ambiguity-usage is set to "one"):
			Alignment: 94034 96607 | 2574 1 | 2574 2574 | 100.0 | Pt alignment11
			Skipping alignment 142042 144615 | 1 2574 | 2574 2574 | 100.0 | Pt alignment11

CONTIG: alignment12 (2469bp)
Best alignment score: 91.0 (LEN: 95, IDY: 95.79), Total number of alignments: 1
			Looking for the best set of alignments (out of 1 total alignments)
			The best set is below. Score: 91.0, number of alignments: 1, unaligned bases: 2374
		This contig is partially unaligned. (Aligned 95 out of 2469 non-N bases (3.85%))
		Alignment: 3148891 3148985 | 2147 2241 | 95 95 | 95.79 | 4 alignment12
		Unaligned bases: 1 to 2146 (2146)
		Unaligned bases: 2242 to 2469 (228)

CONTIG: alignment13 (2240bp)
Best alignment score: 474.0 (LEN: 474, IDY: 100.00), Total number of alignments: 10
			Looking for the best set of alignments (out of 10 total alignments)
			Skipping redundant alignments after choosing the best set of alignments
		Skipping redundant alignment 13905199 13905292 | 93 1 | 94 93 | 98.94 | 1 alignment13
		Skipping redundant alignment 4356120 4356246 | 1 126 | 127 126 | 96.85 | 2 alignment13
		Skipping redundant alignment 12467416 12467542 | 1 126 | 127 126 | 96.06 | 3 alignment13
		Skipping redundant alignment 6661224 6661301 | 127 50 | 78 78 | 97.44 | 2 alignment13
		Skipping redundant alignment 5613467 5613597 | 1 129 | 131 129 | 96.95 | 4 alignment13
		Skipping redundant alignment 18412154 18412265 | 456 345 | 112 112 | 98.21 | 3 alignment13
		Skipping redundant alignment 18018781 18018892 | 456 345 | 112 112 | 96.43 | 3 alignment13
		This contig has several significant sets of alignments. [An ambiguously mapped contig]
		Using only the very best set (option --ambiguity-usage is set to "one").
			The best set is below. Score: 687.0, number of alignments: 3, unaligned bases: 1311
		This contig is misassembled.
		This contig is partially unaligned. (Aligned 929 out of 2240 non-N bases (41.47%))
			Warning! This contig is more unaligned than misassembled. Contig length is 2240 (number of Ns: 0) and total length of all aligns is 929
		Alignment: 14525511 14525640 | 1 129 | 130 129 | 99.23 | 5 alignment13
		Alignment: 17299612 17299939 | 128 455 | 328 328 | 95.73 | 3 alignment13
		Alignment: 14309746 14310219 | 1767 2240 | 474 474 | 100.0 | 1 alignment13
		Unaligned bases: 1311

CONTIG: alignment14 (2239bp)
Best alignment score: 111.0 (LEN: 113, IDY: 98.23), Total number of alignments: 3
			Looking for the best set of alignments (out of 3 total alignments)
			Skipping redundant alignments after choosing the best set of alignments
		Skipping redundant alignment 13840835 13840947 | 113 1 | 113 113 | 96.46 | 1 alignment14
		Skipping redundant alignment 10925538 10925620 | 166 248 | 83 83 | 97.59 | 3 alignment14
			The best set is below. Score: 111.0, number of alignments: 1, unaligned bases: 2126
		This contig is partially unaligned. (Aligned 113 out of 2239 non-N bases (5.05%))
		Alignment: 3505890 3506002 | 121 9 | 113 113 | 98.23 | 4 alignment14
		Unaligned bases: 1 to 8 (8)
		Unaligned bases: 122 to 2239 (2118)

CONTIG: alignment15 (2127bp)
		This contig is unaligned. (2127 bp)
		Unaligned bases: 2127 (number of Ns: 0)

CONTIG: alignment16 (2040bp)
Best alignment score: 115.0 (LEN: 115, IDY: 100.00), Total number of alignments: 6
			Looking for the best set of alignments (out of 6 total alignments)
			Skipping redundant alignments after choosing the best set of alignments
		Skipping redundant alignment 22873696 22873790 | 1 97 | 95 97 | 96.91 | 1 alignment16
		Skipping redundant alignment 11081966 11082067 | 1 102 | 102 102 | 100.0 | 4 alignment16
		Skipping redundant alignment 10537174 10537275 | 102 1 | 102 102 | 100.0 | 4 alignment16
		Skipping redundant alignment 12738697 12738798 | 102 1 | 102 102 | 99.02 | 2 alignment16
		Skipping redundant alignment 26375855 26375956 | 1 102 | 102 102 | 99.02 | 1 alignment16
		This contig has several significant sets of alignments. [An ambiguously mapped contig]
		Using only the very best set (option --ambiguity-usage is set to "one").
			The best set is below. Score: 115.0, number of alignments: 1, unaligned bases: 1925
		This contig is partially unaligned. (Aligned 115 out of 2040 non-N bases (5.64%))
		Alignment: 21317312 21317426 | 1926 2040 | 115 115 | 100.0 | 5 alignment16
		Unaligned bases: 1 to 1925 (1925)

CONTIG: alignment17 (1864bp)
Best alignment score: 1799.0 (LEN: 1799, IDY: 100.00), Total number of alignments: 3
			Looking for the best set of alignments (out of 3 total alignments)
			Skipping redundant alignments after choosing the best set of alignments
		Skipping redundant alignment 84171 85969 | 1799 1 | 1799 1799 | 100.0 | Pt alignment17
			The best set is below. Score: 1864.0, number of alignments: 2, unaligned bases: 0
		This contig is misassembled.
			Real Alignment 1: 152680 154478 | 1 1799 | 1799 1799 | 100.0 | Pt alignment17
			  Not a misassembly [linear representation of circular genome] between these two alignments
			Real Alignment 2: 1 65 | 1800 1864 | 65 65 | 100.0 | Pt alignment17

CONTIG: alignment18 (1892bp)
Best alignment score: 375.0 (LEN: 393, IDY: 95.42), Total number of alignments: 13
			Looking for the best set of alignments (out of 13 total alignments)
			Skipping redundant alignments after choosing the best set of alignments
		Skipping redundant alignment 10198025 10198359 | 344 10 | 335 335 | 97.91 | 5 alignment18
		Skipping redundant alignment 19728522 19728845 | 345 22 | 324 324 | 98.46 | 1 alignment18
		Skipping redundant alignment 2639587 2639922 | 345 10 | 336 336 | 99.11 | 4 alignment18
		Skipping redundant alignment 10539274 10539609 | 10 345 | 336 336 | 98.81 | 4 alignment18
		Skipping redundant alignment 11080492 11080827 | 345 10 | 336 336 | 98.81 | 4 alignment18
		Skipping redundant alignment 18631730 18632065 | 10 345 | 336 336 | 98.81 | 3 alignment18
		Skipping redundant alignment 15302211 15302546 | 10 345 | 336 336 | 98.51 | 5 alignment18
		Skipping redundant alignment 12739955 12740290 | 10 345 | 336 336 | 98.21 | 2 alignment18
		Skipping redundant alignment 18480395 18480730 | 10 345 | 336 336 | 97.62 | 5 alignment18
		Skipping redundant alignment 11983612 11983950 | 7 345 | 339 339 | 97.94 | 2 alignment18
		Skipping redundant alignment 5472061 5472399 | 10 348 | 339 339 | 97.94 | 4 alignment18
		This contig has several significant sets of alignments. [An ambiguously mapped contig]
		Using only the very best set (option --ambiguity-usage is set to "one").
			The best set is below. Score: 618.0, number of alignments: 2, unaligned bases: 1155
		This contig is misassembled.
		This contig is partially unaligned. (Aligned 737 out of 1892 non-N bases (38.95%))
			Warning! This contig is more unaligned than misassembled. Contig length is 1892 (number of Ns: 0) and total length of all aligns is 737
		Alignment: 7960911 7961255 | 1 344 | 345 344 | 98.55 | 1 alignment18
		Alignment: 21320871 21321258 | 1892 1500 | 388 393 | 95.42 | 5 alignment18
		Unaligned bases: 1155

CONTIG: alignment19 (1858bp)
Best alignment score: 1858.0 (LEN: 1858, IDY: 100.00), Total number of alignments: 2
		This contig has 2 significant alignments. [An ambiguously mapped contig]
		Using only first of these alignment (option --ambiguity-usage is set to "one"):
			Alignment: 150868 152725 | 1 1858 | 1858 1858 | 100.0 | Pt alignment19
			Skipping alignment 85924 87781 | 1858 1 | 1858 1858 | 100.0 | Pt alignment19

CONTIG: alignment20 (1775bp)
Best alignment score: 268.0 (LEN: 270, IDY: 99.26), Total number of alignments: 1
			Looking for the best set of alignments (out of 1 total alignments)
			The best set is below. Score: 268.0, number of alignments: 1, unaligned bases: 1505
		This contig is partially unaligned. (Aligned 270 out of 1775 non-N bases (15.21%))
		Alignment: 19706609 19706878 | 1 270 | 270 270 | 99.26 | 1 alignment20
		Unaligned bases: 271 to 1775 (1505)

CONTIG: alignment21 (1797bp)
Best alignment score: 169.0 (LEN: 176, IDY: 96.02), Total number of alignments: 6
			Looking for the best set of alignments (out of 6 total alignments)
			Skipping redundant alignments after choosing the best set of alignments
		Skipping redundant alignment 6768301 6768390 | 1075 1164 | 90 90 | 95.56 | 4 alignment21
			The best set is below. Score: 469.0, number of alignments: 5, unaligned bases: 1214
		This contig is misassembled.
		This contig is partially unaligned. (Aligned 583 out of 1797 non-N bases (32.44%))
			Warning! This contig is more unaligned than misassembled. Contig length is 1797 (number of Ns: 0) and total length of all aligns is 583
		Alignment: 29301315 29301380 | 66 1 | 66 66 | 95.45 | 1 alignment21
		Alignment: 29300941 29301111 | 436 266 | 171 171 | 95.91 | 1 alignment21
		Alignment: 29300709 29300884 | 668 493 | 176 176 | 96.02 | 1 alignment21
		Alignment: 5537150 5537230 | 901 981 | 81 81 | 96.3 | 4 alignment21
		Alignment: 5537319 5537407 | 1070 1158 | 89 89 | 96.63 | 4 alignment21
		Unaligned bases: 1214

CONTIG: alignment22 (1688bp)
Best alignment score: 1683.0 (LEN: 1683, IDY: 100.00), Total number of alignments: 2
		Skipping these alignments as insignificant (option --ambiguity-score is set to "0.99"):
			Skipping alignment 128215 129856 | 1642 1 | 1642 1642 | 100.0 | Pt alignment22
		One align captures most of this contig: 108793 110475 | 1 1683 | 1683 1683 | 100.0 | Pt alignment22

CONTIG: alignment23 (1507bp)
Best alignment score: 1495.0 (LEN: 1495, IDY: 100.00), Total number of alignments: 2
		This contig has 2 significant alignments. [An ambiguously mapped contig]
		Using only first of these alignment (option --ambiguity-usage is set to "one"):
			Alignment: 14198115 14199609 | 13 1507 | 1495 1495 | 100.0 | 3 alignment23
			Skipping alignment 4144 5638 | 13 1507 | 1495 1495 | 99.8 | 2 alignment23

CONTIG: alignment24 (1450bp)
Best alignment score: 455.0 (LEN: 456, IDY: 99.78), Total number of alignments: 1
			Looking for the best set of alignments (out of 1 total alignments)
			The best set is below. Score: 455.0, number of alignments: 1, unaligned bases: 994
		This contig is partially unaligned. (Aligned 456 out of 1450 non-N bases (31.45%))
		Alignment: 9192434 9192889 | 995 1450 | 456 456 | 99.78 | 4 alignment24
		Unaligned bases: 1 to 994 (994)

CONTIG: alignment25 (1276bp)
Best alignment score: 1276.0 (LEN: 1276, IDY: 100.00), Total number of alignments: 2
		This contig has 2 significant alignments. [An ambiguously mapped contig]
		Using only first of these alignment (option --ambiguity-usage is set to "one"):
			Alignment: 92182 93457 | 1276 1 | 1276 1276 | 100.0 | Pt alignment25
			Skipping alignment 145192 146467 | 1 1276 | 1276 1276 | 100.0 | Pt alignment25

CONTIG: alignment26 (1255bp)
Best alignment score: 1255.0 (LEN: 1255, IDY: 100.00), Total number of alignments: 2
		This contig has 2 significant alignments. [An ambiguously mapped contig]
		Using only first of these alignment (option --ambiguity-usage is set to "one"):
			Alignment: 90833 92087 | 1 1255 | 1255 1255 | 100.0 | Pt alignment26
			Skipping alignment 146562 147816 | 1255 1 | 1255 1255 | 100.0 | Pt alignment26

CONTIG: alignment27 (1224bp)
Best alignment score: 111.0 (LEN: 115, IDY: 96.52), Total number of alignments: 2
			Looking for the best set of alignments (out of 2 total alignments)
			Skipping redundant alignments after choosing the best set of alignments
		Skipping redundant alignment 15094546 15094658 | 898 786 | 113 113 | 95.58 | 1 alignment27
			The best set is below. Score: 111.0, number of alignments: 1, unaligned bases: 1109
		This contig is partially unaligned. (Aligned 115 out of 1224 non-N bases (9.40%))
		Alignment: 15106292 15106406 | 900 786 | 115 115 | 96.52 | 1 alignment27
		Unaligned bases: 1 to 785 (785)
		Unaligned bases: 901 to 1224 (324)

CONTIG: alignment28 (1189bp)
Best alignment score: 72.0 (LEN: 73, IDY: 98.63), Total number of alignments: 3
			Looking for the best set of alignments (out of 3 total alignments)
			The best set is below. Score: 204.0, number of alignments: 3, unaligned bases: 980
		This contig is misassembled.
		This contig is partially unaligned. (Aligned 209 out of 1189 non-N bases (17.58%))
			Warning! This contig is more unaligned than misassembled. Contig length is 1189 (number of Ns: 0) and total length of all aligns is 209
		Alignment: 4002355 4002423 | 657 725 | 69 69 | 97.1 | 5 alignment28
		Alignment: 4002428 4002500 | 726 798 | 73 73 | 98.63 | 5 alignment28
		Alignment: 4002501 4002567 | 811 877 | 67 67 | 97.01 | 5 alignment28
		Unaligned bases: 980

CONTIG: alignment29 (1118bp)
Best alignment score: 1104.1 (LEN: 1118, IDY: 98.76), Total number of alignments: 1
		One align captures most of this contig: 9437849 9438974 | 1118 1 | 1126 1118 | 98.76 | 4 alignment29

CONTIG: alignment30 (1149bp)
		This contig is unaligned. (1149 bp)
		Unaligned bases: 1149 (number of Ns: 0)

CONTIG: alignment31 (1119bp)
Best alignment score: 430.0 (LEN: 430, IDY: 100.00), Total number of alignments: 17
			Looking for the best set of alignments (out of 17 total alignments)
			Skipping redundant alignments after choosing the best set of alignments
		Skipping redundant alignment 4212622 4212718 | 771 867 | 97 97 | 100.0 | 5 alignment31
		Skipping redundant alignment 4208082 4208179 | 770 867 | 98 98 | 100.0 | 5 alignment31
		Skipping redundant alignment 4208181 4208318 | 868 1005 | 138 138 | 99.28 | 5 alignment31
		Skipping redundant alignment 4212720 4212857 | 868 1005 | 138 138 | 99.28 | 5 alignment31
		Skipping redundant alignment 3780911 3781204 | 1064 771 | 294 294 | 99.66 | 1 alignment31
		Skipping redundant alignment 22695566 22695859 | 771 1064 | 294 294 | 99.66 | 3 alignment31
		Skipping redundant alignment 3785427 3785720 | 1064 771 | 294 294 | 99.66 | 1 alignment31
		Skipping redundant alignment 22700082 22700375 | 771 1064 | 294 294 | 99.66 | 3 alignment31
		Skipping redundant alignment 18017824 18018117 | 1064 771 | 294 294 | 99.32 | 1 alignment31
		Skipping redundant alignment 18013308 18013601 | 1064 771 | 294 294 | 99.32 | 1 alignment31
		Skipping redundant alignment 22059681 22059974 | 1064 771 | 294 294 | 98.98 | 3 alignment31
		Skipping redundant alignment 21524995 21525288 | 771 1064 | 294 294 | 98.64 | 1 alignment31
		Skipping redundant alignment 13369320 13369613 | 1064 771 | 294 294 | 98.3 | 3 alignment31
		Skipping redundant alignment 7722254 7722548 | 1064 770 | 295 295 | 97.97 | 1 alignment31
		Skipping redundant alignment 9320350 9320553 | 1119 916 | 204 204 | 99.51 | 4 alignment31
		This contig has several significant sets of alignments. [An ambiguously mapped contig]
		Using only the very best set (option --ambiguity-usage is set to "one").
			The best set is below. Score: 667.0, number of alignments: 2, unaligned bases: 393
		This contig is misassembled.
			Real Alignment 1: 9323351 9323780 | 430 1 | 430 430 | 100.0 | 4 alignment31
			  Extensive misassembly (translocation) between these two alignments
			Real Alignment 2: 22064036 22064331 | 1064 769 | 296 296 | 99.32 | 3 alignment31

CONTIG: alignment32 (1116bp)
Best alignment score: 434.0 (LEN: 434, IDY: 100.00), Total number of alignments: 2
			Looking for the best set of alignments (out of 2 total alignments)
			The best set is below. Score: 581.0, number of alignments: 2, unaligned bases: 525
		This contig is misassembled.
		This contig is partially unaligned. (Aligned 591 out of 1116 non-N bases (52.96%))
			Real Alignment 1: 9343182 9343615 | 1 434 | 434 434 | 100.0 | 4 alignment32
			  Gap between these two alignments (local misassembly). Inconsistency = -525
			Real Alignment 2: 9343616 9343772 | 960 1116 | 157 157 | 100.0 | 4 alignment32
		Unaligned bases: 525

CONTIG: alignment33 (988bp)
Best alignment score: 819.0 (LEN: 824, IDY: 99.39), Total number of alignments: 2
			Looking for the best set of alignments (out of 2 total alignments)
			The best set is below. Score: 963.0, number of alignments: 2, unaligned bases: 0
		This contig is misassembled.
			Excluding internal overlap of size 86 between Alignment 1 and 2: 6860020 6860270 | 1 250 | 251 250 --> 6860020 6860183 | 1 164 | 164 164
			Real Alignment 1: 6860020 6860183 | 1 164 | 164 164 | 98.8 | 4 alignment33
			  Gap between these two alignments (local misassembly). Inconsistency = 121
			Real Alignment 2: 6860305 6861129 | 165 988 | 825 824 | 99.39 | 4 alignment33

CONTIG: alignment34 (1089bp)
		This contig is unaligned. (1089 bp)
		Unaligned bases: 1089 (number of Ns: 0)

CONTIG: alignment35 (1077bp)
Best alignment score: 1070.0 (LEN: 1077, IDY: 99.35), Total number of alignments: 1
		One align captures most of this contig: 2676473 2677556 | 1 1077 | 1084 1077 | 99.35 | 1 alignment35

CONTIG: alignment36 (1028bp)
Best alignment score: 1018.0 (LEN: 1028, IDY: 99.03), Total number of alignments: 1
		One align captures most of this contig: 8979504 8980538 | 1028 1 | 1035 1028 | 99.03 | 4 alignment36

CONTIG: alignment37 (1020bp)
Best alignment score: 1013.1 (LEN: 1020, IDY: 99.32), Total number of alignments: 1
		One align captures most of this contig: 8643006 8644026 | 1020 1 | 1021 1020 | 99.32 | 4 alignment37

CONTIG: alignment38 (992bp)
Best alignment score: 986.0 (LEN: 992, IDY: 99.40), Total number of alignments: 1
		One align captures most of this contig: 9036568 9037557 | 992 1 | 990 992 | 99.4 | 4 alignment38

CONTIG: alignment39 (988bp)
Best alignment score: 525.0 (LEN: 525, IDY: 100.00), Total number of alignments: 2
			Looking for the best set of alignments (out of 2 total alignments)
			The best set is below. Score: 978.0, number of alignments: 2, unaligned bases: 0
		This contig is misassembled.
			Excluding internal overlap of size 2 between Alignment 1 and 2: 13022737 13023201 | 465 1 | 465 465 --> 13022739 13023201 | 463 1 | 463 463
			Real Alignment 1: 13022739 13023201 | 463 1 | 463 463 | 100.0 | 3 alignment39
			  Gap between these two alignments (local misassembly). Inconsistency = 102
			Real Alignment 2: 13022112 13022636 | 988 464 | 525 525 | 100.0 | 3 alignment39

CONTIG: alignment40 (969bp)
Best alignment score: 511.0 (LEN: 511, IDY: 100.00), Total number of alignments: 4
			Looking for the best set of alignments (out of 4 total alignments)
			Skipping redundant alignments after choosing the best set of alignments
		Skipping redundant alignment 8148 8655 | 4 511 | 508 508 | 99.61 | 2 alignment40
		Skipping redundant alignment 8844 9303 | 510 969 | 460 460 | 100.0 | 2 alignment40
		This contig has several significant sets of alignments. [An ambiguously mapped contig]
		Using only the very best set (option --ambiguity-usage is set to "one").
			The best set is below. Score: 958.5, number of alignments: 2, unaligned bases: 0
		This contig is misassembled.
			Excluding internal overlap of size 3 between Alignment 1 and 2: 14202814 14203274 | 509 969 | 461 461 --> 14202817 14203274 | 512 969 | 458 458
			Real Alignment 1: 14202116 14202626 | 1 511 | 511 511 | 100.0 | 3 alignment40
			  Gap between these two alignments (local misassembly). Inconsistency = 190
			Real Alignment 2: 14202817 14203274 | 512 969 | 458 458 | 100.0 | 3 alignment40

CONTIG: alignment41 (962bp)
Best alignment score: 962.0 (LEN: 962, IDY: 100.00), Total number of alignments: 2
		This contig has 2 significant alignments. [An ambiguously mapped contig]
		Using only first of these alignment (option --ambiguity-usage is set to "one"):
			Alignment: 100146 101107 | 1 962 | 962 962 | 100.0 | Pt alignment41
			Skipping alignment 137542 138503 | 962 1 | 962 962 | 100.0 | Pt alignment41

CONTIG: alignment42 (927bp)
Best alignment score: 204.0 (LEN: 211, IDY: 96.68), Total number of alignments: 48
			Looking for the best set of alignments (out of 48 total alignments)
			Skipping redundant alignments after choosing the best set of alignments
		Skipping redundant alignment 14488072 14488188 | 709 593 | 117 117 | 96.58 | 1 alignment42
		Skipping redundant alignment 11215850 11215969 | 709 590 | 120 120 | 97.5 | 5 alignment42
		Skipping redundant alignment 3885749 3885868 | 590 709 | 120 120 | 97.5 | 2 alignment42
		Skipping redundant alignment 15712336 15712455 | 590 709 | 120 120 | 97.5 | 1 alignment42
		Skipping redundant alignment 3871800 3871919 | 590 709 | 120 120 | 96.67 | 2 alignment42
		Skipping redundant alignment 13904941 13905060 | 709 590 | 120 120 | 96.67 | 3 alignment42
		Skipping redundant alignment 14434929 14435048 | 709 590 | 120 120 | 96.67 | 1 alignment42
		Skipping redundant alignment 3095041 3095160 | 590 709 | 120 120 | 95.83 | 4 alignment42
		Skipping redundant alignment 3733927 3734046 | 709 590 | 120 120 | 95.0 | 2 alignment42
		Skipping redundant alignment 14259787 14259904 | 597 714 | 118 118 | 96.61 | 1 alignment42
		Skipping redundant alignment 14229249 14229370 | 714 594 | 122 121 | 95.08 | 1 alignment42
		Skipping redundant alignment 14926604 14926728 | 714 590 | 125 125 | 98.4 | 1 alignment42
		Skipping redundant alignment 4037718 4037842 | 714 590 | 125 125 | 98.4 | 4 alignment42
		Skipping redundant alignment 2490430 2490554 | 714 590 | 125 125 | 97.6 | 2 alignment42
		Skipping redundant alignment 4427650 4427774 | 714 590 | 125 125 | 97.6 | 4 alignment42
		Skipping redundant alignment 4183308 4183432 | 590 714 | 125 125 | 97.6 | 4 alignment42
		Skipping redundant alignment 12054073 12054197 | 590 714 | 125 125 | 96.8 | 3 alignment42
		Skipping redundant alignment 14427911 14428035 | 590 714 | 125 125 | 96.8 | 3 alignment42
		Skipping redundant alignment 13325778 13325902 | 590 714 | 125 125 | 96.8 | 5 alignment42
		Skipping redundant alignment 14249531 14249655 | 714 590 | 125 125 | 96.8 | 1 alignment42
		Skipping redundant alignment 12642258 12642382 | 714 590 | 125 125 | 96.0 | 5 alignment42
		Skipping redundant alignment 13636899 13637023 | 590 714 | 125 125 | 96.0 | 3 alignment42
		Skipping redundant alignment 4290173 4290297 | 590 714 | 125 125 | 96.0 | 2 alignment42
		Skipping redundant alignment 3351993 3352117 | 590 714 | 125 125 | 95.2 | 4 alignment42
		Skipping redundant alignment 1789107 1789232 | 714 589 | 126 126 | 96.83 | 4 alignment42
		Skipping redundant alignment 15833380 15833579 | 720 920 | 200 201 | 95.02 | 1 alignment42
		Skipping redundant alignment 3182290 3182493 | 716 920 | 204 205 | 96.1 | 4 alignment42
		Skipping redundant alignment 15845592 15845795 | 716 920 | 204 205 | 95.12 | 1 alignment42
		Skipping redundant alignment 3545224 3545428 | 712 920 | 205 209 | 95.22 | 4 alignment42
		Skipping redundant alignment 13410734 13410931 | 724 922 | 198 199 | 95.98 | 3 alignment42
		Skipping redundant alignment 15720744 15720945 | 720 922 | 202 203 | 96.06 | 3 alignment42
		Skipping redundant alignment 3748081 3748282 | 720 922 | 202 203 | 96.06 | 4 alignment42
		Skipping redundant alignment 5566843 5567044 | 922 720 | 202 203 | 96.06 | 2 alignment42
		Skipping redundant alignment 12475916 12476120 | 717 922 | 205 206 | 96.6 | 5 alignment42
		Skipping redundant alignment 13601660 13601865 | 922 716 | 206 207 | 97.1 | 3 alignment42
		Skipping redundant alignment 4565897 4566102 | 716 922 | 206 207 | 97.1 | 4 alignment42
		Skipping redundant alignment 12223891 12224096 | 716 922 | 206 207 | 96.62 | 3 alignment42
		Skipping redundant alignment 11806227 11806432 | 716 922 | 206 207 | 96.62 | 5 alignment42
		Skipping redundant alignment 14316833 14317041 | 922 713 | 209 210 | 97.14 | 1 alignment42
		Skipping redundant alignment 3971302 3971511 | 712 922 | 210 211 | 96.68 | 2 alignment42
		Skipping redundant alignment 15493533 15493742 | 922 712 | 210 211 | 96.21 | 1 alignment42
		Skipping redundant alignment 13904064 13904273 | 922 712 | 210 211 | 96.21 | 3 alignment42
		Skipping redundant alignment 14814963 14815172 | 922 712 | 210 211 | 96.21 | 3 alignment42
		Skipping redundant alignment 4901578 4901787 | 712 922 | 210 211 | 95.73 | 4 alignment42
		Skipping redundant alignment 14260601 14260810 | 712 922 | 210 211 | 95.26 | 1 alignment42
		Skipping redundant alignment 11214934 11215024 | 927 837 | 91 91 | 95.6 | 5 alignment42
			The best set is below. Score: 314.5, number of alignments: 2, unaligned bases: 594
		This contig is misassembled.
		This contig is partially unaligned. (Aligned 333 out of 927 non-N bases (35.92%))
			Warning! This contig is more unaligned than misassembled. Contig length is 927 (number of Ns: 0) and total length of all aligns is 333
		Alignment: 2832432 2832556 | 714 590 | 125 125 | 98.4 | 4 alignment42
		Alignment: 2831595 2831803 | 922 712 | 209 211 | 96.68 | 4 alignment42
		Unaligned bases: 594

CONTIG: alignment43 (927bp)
Best alignment score: 910.0 (LEN: 910, IDY: 100.00), Total number of alignments: 2
			Looking for the best set of alignments (out of 2 total alignments)
			Skipping redundant alignments after choosing the best set of alignments
		Skipping redundant alignment 130534 131443 | 18 927 | 910 910 | 100.0 | Pt alignment43
		This contig has several significant sets of alignments. [An ambiguously mapped contig]
		Using only the very best set (option --ambiguity-usage is set to "one").
			The best set is below. Score: 910.0, number of alignments: 1, unaligned bases: 17
		Alignment: 107206 108115 | 927 18 | 910 910 | 100.0 | Pt alignment43

CONTIG: alignment44 (893bp)
		This contig is unaligned. (893 bp)
		Unaligned bases: 893 (number of Ns: 0)

CONTIG: alignment45 (902bp)
Best alignment score: 328.0 (LEN: 334, IDY: 98.20), Total number of alignments: 2
			Looking for the best set of alignments (out of 2 total alignments)
			Skipping redundant alignments after choosing the best set of alignments
		Skipping redundant alignment 9186432 9186689 | 258 1 | 258 258 | 96.9 | 4 alignment45
			The best set is below. Score: 328.0, number of alignments: 1, unaligned bases: 568
		This contig is partially unaligned. (Aligned 334 out of 902 non-N bases (37.03%))
		Alignment: 9188005 9188338 | 334 1 | 334 334 | 98.2 | 4 alignment45
		Unaligned bases: 335 to 902 (568)

CONTIG: alignment46 (891bp)
Best alignment score: 890.0 (LEN: 891, IDY: 99.89), Total number of alignments: 1
		One align captures most of this contig: 14004689 14005580 | 1 891 | 892 891 | 99.89 | 2 alignment46

CONTIG: alignment47 (884bp)
Best alignment score: 110.0 (LEN: 110, IDY: 100.00), Total number of alignments: 1
			Looking for the best set of alignments (out of 1 total alignments)
			The best set is below. Score: 110.0, number of alignments: 1, unaligned bases: 774
		This contig is partially unaligned. (Aligned 110 out of 884 non-N bases (12.44%))
		Alignment: 2610014 2610123 | 884 775 | 110 110 | 100.0 | 5 alignment47
		Unaligned bases: 1 to 774 (774)

CONTIG: alignment48 (879bp)
Best alignment score: 878.0 (LEN: 879, IDY: 99.89), Total number of alignments: 1
		One align captures most of this contig: 16184286 16185165 | 879 1 | 880 879 | 99.89 | 4 alignment48

CONTIG: alignment49 (874bp)
Best alignment score: 297.0 (LEN: 299, IDY: 99.33), Total number of alignments: 1
			Looking for the best set of alignments (out of 1 total alignments)
			The best set is below. Score: 297.0, number of alignments: 1, unaligned bases: 575
		This contig is partially unaligned. (Aligned 299 out of 874 non-N bases (34.21%))
		Alignment: 11227842 11228139 | 1 299 | 298 299 | 99.33 | 5 alignment49
		Unaligned bases: 300 to 874 (575)

CONTIG: alignment50 (864bp)
Best alignment score: 864.0 (LEN: 864, IDY: 100.00), Total number of alignments: 1
		One align captures most of this contig: 117377 118240 | 1 864 | 864 864 | 100.0 | Pt alignment50

CONTIG: alignment51 (853bp)
Best alignment score: 851.0 (LEN: 853, IDY: 99.77), Total number of alignments: 1
		One align captures most of this contig: 7844003 7844857 | 1 853 | 855 853 | 99.77 | 4 alignment51

CONTIG: alignment52 (849bp)
Best alignment score: 834.2 (LEN: 849, IDY: 98.26), Total number of alignments: 1
		One align captures most of this contig: 392303 393162 | 849 1 | 860 849 | 98.26 | 5 alignment52

CONTIG: alignment53 (848bp)
		This contig is unaligned. (848 bp)
		Unaligned bases: 848 (number of Ns: 0)

CONTIG: alignment54 (839bp)
Best alignment score: 822.2 (LEN: 839, IDY: 98.00), Total number of alignments: 1
		One align captures most of this contig: 8985322 8986172 | 839 1 | 851 839 | 98.0 | 4 alignment54

CONTIG: alignment55 (838bp)
Best alignment score: 837.0 (LEN: 838, IDY: 99.88), Total number of alignments: 1
		One align captures most of this contig: 16952605 16953443 | 1 838 | 839 838 | 99.88 | 2 alignment55

CONTIG: alignment56 (833bp)
Best alignment score: 817.2 (LEN: 833, IDY: 98.10), Total number of alignments: 1
		One align captures most of this contig: 9440093 9440933 | 1 833 | 841 833 | 98.1 | 4 alignment56

CONTIG: alignment57 (831bp)
Best alignment score: 830.0 (LEN: 831, IDY: 99.88), Total number of alignments: 1
		One align captures most of this contig: 16210309 16211140 | 831 1 | 832 831 | 99.88 | 4 alignment57

CONTIG: alignment58 (831bp)
		This contig is unaligned. (831 bp)
		Unaligned bases: 831 (number of Ns: 0)

CONTIG: alignment59 (829bp)
Best alignment score: 827.0 (LEN: 829, IDY: 99.76), Total number of alignments: 1
		One align captures most of this contig: 24803155 24803985 | 829 1 | 831 829 | 99.76 | 1 alignment59

CONTIG: alignment60 (821bp)
Best alignment score: 818.0 (LEN: 821, IDY: 99.64), Total number of alignments: 1
		One align captures most of this contig: 10711513 10712334 | 1 821 | 822 821 | 99.64 | 2 alignment60

CONTIG: alignment61 (816bp)
Best alignment score: 812.0 (LEN: 816, IDY: 99.51), Total number of alignments: 1
		One align captures most of this contig: 9183874 9184692 | 1 816 | 819 816 | 99.51 | 4 alignment61

CONTIG: alignment62 (804bp)
Best alignment score: 803.0 (LEN: 804, IDY: 99.88), Total number of alignments: 1
		One align captures most of this contig: 15951106 15951910 | 1 804 | 805 804 | 99.88 | 2 alignment62

CONTIG: alignment63 (787bp)
Best alignment score: 784.0 (LEN: 787, IDY: 99.62), Total number of alignments: 1
		One align captures most of this contig: 9109096 9109885 | 787 1 | 790 787 | 99.62 | 4 alignment63

CONTIG: alignment64 (770bp)
Best alignment score: 770.0 (LEN: 770, IDY: 100.00), Total number of alignments: 1
		One align captures most of this contig: 56818 57587 | 770 1 | 770 770 | 100.0 | Pt alignment64

CONTIG: alignment65 (754bp)
Best alignment score: 752.0 (LEN: 754, IDY: 99.73), Total number of alignments: 2
		This contig has 2 significant alignments. [An ambiguously mapped contig]
		Using only first of these alignment (option --ambiguity-usage is set to "one"):
			Alignment: 14199582 14200335 | 1 754 | 754 754 | 99.73 | 3 alignment65
			Skipping alignment 5611 6364 | 1 754 | 754 754 | 99.6 | 2 alignment65

CONTIG: alignment66 (751bp)
Best alignment score: 741.1 (LEN: 751, IDY: 98.68), Total number of alignments: 1
		One align captures most of this contig: 12086753 12087504 | 1 751 | 752 751 | 98.68 | 4 alignment66

CONTIG: alignment67 (751bp)
Best alignment score: 744.0 (LEN: 751, IDY: 99.07), Total number of alignments: 1
		One align captures most of this contig: 9107976 9108728 | 1 751 | 753 751 | 99.07 | 4 alignment67

CONTIG: alignment68 (721bp)
Best alignment score: 652.0 (LEN: 664, IDY: 98.19), Total number of alignments: 5
			Looking for the best set of alignments (out of 5 total alignments)
			Skipping redundant alignments after choosing the best set of alignments
		Skipping redundant alignment 14193484 14193696 | 270 58 | 213 213 | 99.53 | 3 alignment68
		Skipping redundant alignment 14192869 14193319 | 721 271 | 451 451 | 100.0 | 3 alignment68
		Skipping redundant alignment 9307 9966 | 721 58 | 660 664 | 98.19 | 2 alignment68
		This contig has several significant sets of alignments. [An ambiguously mapped contig]
		Using only the very best set (option --ambiguity-usage is set to "one").
			The best set is below. Score: 657.0, number of alignments: 2, unaligned bases: 57
		This contig is misassembled.
			Real Alignment 1: 14203893 14204105 | 270 58 | 213 213 | 99.53 | 3 alignment68
			  Gap between these two alignments (local misassembly). Inconsistency = 164
			Real Alignment 2: 14203278 14203728 | 721 271 | 451 451 | 100.0 | 3 alignment68

CONTIG: alignment69 (745bp)
Best alignment score: 236.0 (LEN: 236, IDY: 100.00), Total number of alignments: 1
			Looking for the best set of alignments (out of 1 total alignments)
			The best set is below. Score: 236.0, number of alignments: 1, unaligned bases: 509
		This contig is partially unaligned. (Aligned 236 out of 745 non-N bases (31.68%))
		Alignment: 26975267 26975502 | 745 510 | 236 236 | 100.0 | 5 alignment69
		Unaligned bases: 1 to 509 (509)

CONTIG: alignment70 (743bp)
Best alignment score: 742.0 (LEN: 743, IDY: 99.87), Total number of alignments: 1
		One align captures most of this contig: 13022918 13023661 | 743 1 | 744 743 | 99.87 | 4 alignment70

CONTIG: alignment71 (743bp)
Best alignment score: 739.0 (LEN: 743, IDY: 99.46), Total number of alignments: 1
		One align captures most of this contig: 3576631 3577374 | 1 743 | 744 743 | 99.46 | 5 alignment71

CONTIG: alignment72 (742bp)
Best alignment score: 742.0 (LEN: 742, IDY: 100.00), Total number of alignments: 14
		This contig has 14 significant alignments. [An ambiguously mapped contig]
		Using only first of these alignment (option --ambiguity-usage is set to "one"):
			Alignment: 11067015 11067756 | 1 742 | 742 742 | 100.0 | 4 alignment72
			Skipping alignment 11084897 11085638 | 1 742 | 742 742 | 100.0 | 4 alignment72
			Skipping alignment 11073533 11074274 | 1 742 | 742 742 | 100.0 | 4 alignment72
			Skipping alignment 11088156 11088897 | 1 742 | 742 742 | 100.0 | 4 alignment72
			Skipping alignment 11050720 11051461 | 1 742 | 742 742 | 100.0 | 4 alignment72
			Skipping alignment 11063756 11064497 | 1 742 | 742 742 | 100.0 | 4 alignment72
			Skipping alignment 11053979 11054720 | 1 742 | 742 742 | 100.0 | 4 alignment72
			Skipping alignment 11047461 11048202 | 1 742 | 742 742 | 100.0 | 4 alignment72
			Skipping alignment 11060497 11061238 | 1 742 | 742 742 | 100.0 | 4 alignment72
			Skipping alignment 11099800 11100541 | 1 742 | 742 742 | 100.0 | 4 alignment72
			Skipping alignment 11070274 11071015 | 1 742 | 742 742 | 100.0 | 4 alignment72
			Skipping alignment 11057238 11057979 | 1 742 | 742 742 | 100.0 | 4 alignment72
			Skipping alignment 11076792 11077533 | 1 742 | 742 742 | 100.0 | 4 alignment72
			Skipping alignment 11091416 11092157 | 1 742 | 742 742 | 99.73 | 4 alignment72

CONTIG: alignment73 (740bp)
Best alignment score: 726.1 (LEN: 740, IDY: 98.12), Total number of alignments: 1
		One align captures most of this contig: 6861114 6861857 | 740 1 | 744 740 | 98.12 | 4 alignment73

CONTIG: alignment74 (695bp)
Best alignment score: 175.0 (LEN: 181, IDY: 96.70), Total number of alignments: 1
			Looking for the best set of alignments (out of 1 total alignments)
			The best set is below. Score: 175.0, number of alignments: 1, unaligned bases: 514
		This contig is partially unaligned. (Aligned 181 out of 695 non-N bases (26.04%))
		Alignment: 3507478 3507659 | 695 515 | 182 181 | 96.7 | 4 alignment74
		Unaligned bases: 1 to 514 (514)

CONTIG: alignment75 (735bp)
Best alignment score: 275.0 (LEN: 288, IDY: 95.49), Total number of alignments: 11
			Looking for the best set of alignments (out of 11 total alignments)
			Skipping redundant alignments after choosing the best set of alignments
		Skipping redundant alignment 12334194 12334280 | 5 91 | 87 87 | 96.55 | 3 alignment75
		Skipping redundant alignment 11223654 11223745 | 109 18 | 92 92 | 95.65 | 5 alignment75
		Skipping redundant alignment 11294329 11294406 | 34 111 | 78 78 | 97.44 | 5 alignment75
		Skipping redundant alignment 14454093 14454173 | 31 111 | 81 81 | 97.53 | 3 alignment75
		Skipping redundant alignment 8446247 8446451 | 336 540 | 205 205 | 98.05 | 5 alignment75
		Skipping redundant alignment 18652915 18653124 | 547 338 | 210 210 | 97.14 | 3 alignment75
		Skipping redundant alignment 11602491 11602769 | 337 615 | 279 279 | 95.7 | 3 alignment75
		Skipping redundant alignment 10633290 10633577 | 616 329 | 288 288 | 95.49 | 4 alignment75
		This contig has several significant sets of alignments. [An ambiguously mapped contig]
		Using only the very best set (option --ambiguity-usage is set to "one").
			The best set is below. Score: 393.7, number of alignments: 3, unaligned bases: 272
		This contig is misassembled.
			Real Alignment 1: 15598735 15598828 | 18 111 | 94 94 | 95.74 | 1 alignment75
			  Extensive misassembly (relocation, inconsistency = 9801455) between these two alignments
			Real Alignment 2: 25400509 25400787 | 337 615 | 279 279 | 96.06 | 1 alignment75
			  Indel (<= 5bp) between these two alignments: deletion of length 5; 0 mismatches (number of Ns: 0)
			Real Alignment 3: 25400793 25400882 | 616 705 | 90 90 | 95.56 | 1 alignment75

CONTIG: alignment76 (734bp)
Best alignment score: 529.0 (LEN: 529, IDY: 100.00), Total number of alignments: 2
			Looking for the best set of alignments (out of 2 total alignments)
			The best set is below. Score: 726.0, number of alignments: 2, unaligned bases: 0
		This contig is misassembled.
			Excluding internal overlap of size 4 between Alignment 1 and 2: 13201353 13201561 | 526 734 | 209 209 --> 13201357 13201561 | 530 734 | 205 205
			Real Alignment 1: 13200724 13201252 | 1 529 | 529 529 | 100.0 | 1 alignment76
			  Gap between these two alignments (local misassembly). Inconsistency = 104
			Real Alignment 2: 13201357 13201561 | 530 734 | 205 205 | 100.0 | 1 alignment76

CONTIG: alignment77 (730bp)
Best alignment score: 419.0 (LEN: 419, IDY: 100.00), Total number of alignments: 2
			Looking for the best set of alignments (out of 2 total alignments)
			The best set is below. Score: 721.5, number of alignments: 2, unaligned bases: 0
		This contig is misassembled.
			Excluding internal overlap of size 5 between Alignment 1 and 2: 28537590 28537905 | 415 730 | 316 316 --> 28537595 28537905 | 420 730 | 311 311
			Real Alignment 1: 28537071 28537489 | 1 419 | 419 419 | 100.0 | 1 alignment77
			  Gap between these two alignments (local misassembly). Inconsistency = 105
			Real Alignment 2: 28537595 28537905 | 420 730 | 311 311 | 100.0 | 1 alignment77

CONTIG: alignment78 (723bp)
Best alignment score: 103.0 (LEN: 106, IDY: 97.17), Total number of alignments: 2
			Looking for the best set of alignments (out of 2 total alignments)
			The best set is below. Score: 177.0, number of alignments: 2, unaligned bases: 540
		This contig is misassembled.
			Warning! This contig is more unaligned than misassembled. Contig length is 723 (number of Ns: 0) and total length of all aligns is 183
		Alignment: 4004147 4004252 | 334 439 | 106 106 | 97.17 | 5 alignment78
		Alignment: 4004393 4004469 | 647 723 | 77 77 | 96.1 | 5 alignment78
		Unaligned bases: 540

CONTIG: alignment79 (717bp)
Best alignment score: 717.0 (LEN: 717, IDY: 100.00), Total number of alignments: 24
		Skipping these alignments as insignificant (option --ambiguity-score is set to "0.99"):
			Skipping alignment 14354185 14354897 | 5 717 | 713 713 | 99.3 | 5 alignment79
			Skipping alignment 14358578 14359290 | 5 717 | 713 713 | 99.3 | 5 alignment79
			Skipping alignment 14360775 14361487 | 5 717 | 713 713 | 99.16 | 5 alignment79
			Skipping alignment 14376153 14376862 | 7 717 | 710 711 | 99.16 | 5 alignment79
		This contig has 20 significant alignments. [An ambiguously mapped contig]
		Using only first of these alignment (option --ambiguity-usage is set to "one"):
			Alignment: 14347594 14348310 | 1 717 | 717 717 | 100.0 | 5 alignment79
			Skipping alignment 14345399 14346115 | 1 717 | 717 717 | 100.0 | 5 alignment79
			Skipping alignment 14343204 14343920 | 1 717 | 717 717 | 100.0 | 5 alignment79
			Skipping alignment 14349789 14350505 | 1 717 | 717 717 | 100.0 | 5 alignment79
			Skipping alignment 14351984 14352700 | 1 717 | 717 717 | 99.86 | 5 alignment79
			Skipping alignment 14341008 14341724 | 1 717 | 717 717 | 99.86 | 5 alignment79
			Skipping alignment 14325650 14326366 | 1 717 | 717 717 | 99.72 | 5 alignment79
			Skipping alignment 14362968 14363684 | 1 717 | 717 717 | 99.72 | 5 alignment79
			Skipping alignment 14330037 14330753 | 1 717 | 717 717 | 99.72 | 5 alignment79
			Skipping alignment 14365164 14365880 | 1 717 | 717 717 | 99.72 | 5 alignment79
			Skipping alignment 14327849 14328565 | 1 717 | 717 717 | 99.72 | 5 alignment79
			Skipping alignment 14367362 14368077 | 1 717 | 716 717 | 99.72 | 5 alignment79
			Skipping alignment 14332225 14332940 | 1 717 | 716 717 | 99.72 | 5 alignment79
			Skipping alignment 14369561 14370279 | 1 717 | 719 717 | 99.58 | 5 alignment79
			Skipping alignment 14356377 14357093 | 1 717 | 717 717 | 99.58 | 5 alignment79
			Skipping alignment 14334419 14335135 | 1 717 | 717 717 | 99.58 | 5 alignment79
			Skipping alignment 14336616 14337332 | 1 717 | 717 717 | 99.58 | 5 alignment79
			Skipping alignment 14338813 14339529 | 1 717 | 717 717 | 99.44 | 5 alignment79
			Skipping alignment 14371761 14372476 | 1 717 | 716 717 | 99.44 | 5 alignment79
			Skipping alignment 14373955 14374669 | 1 717 | 715 717 | 99.16 | 5 alignment79

CONTIG: alignment80 (644bp)
Best alignment score: 643.0 (LEN: 644, IDY: 99.84), Total number of alignments: 19
		Skipping these alignments as insignificant (option --ambiguity-score is set to "0.99"):
			Skipping alignment 14368603 14369248 | 1 644 | 646 644 | 98.61 | 5 alignment80
			Skipping alignment 14362011 14362649 | 1 638 | 639 638 | 99.37 | 5 alignment80
			Skipping alignment 14375192 14375829 | 1 638 | 638 638 | 99.22 | 5 alignment80
		This contig has 16 significant alignments. [An ambiguously mapped contig]
		Using only first of these alignment (option --ambiguity-usage is set to "one"):
			Alignment: 14344443 14345086 | 1 644 | 644 644 | 99.84 | 5 alignment80
			Skipping alignment 14351028 14351671 | 1 644 | 644 644 | 99.84 | 5 alignment80
			Skipping alignment 14342248 14342891 | 1 644 | 644 644 | 99.84 | 5 alignment80
			Skipping alignment 14346638 14347281 | 1 644 | 644 644 | 99.84 | 5 alignment80
			Skipping alignment 14348833 14349476 | 1 644 | 644 644 | 99.84 | 5 alignment80
			Skipping alignment 14355421 14356064 | 1 644 | 644 644 | 99.84 | 5 alignment80
			Skipping alignment 14353224 14353868 | 1 644 | 645 644 | 99.84 | 5 alignment80
			Skipping alignment 14370805 14371448 | 1 644 | 644 644 | 99.69 | 5 alignment80
			Skipping alignment 14359814 14360458 | 1 644 | 645 644 | 99.69 | 5 alignment80
			Skipping alignment 14357617 14358261 | 1 644 | 645 644 | 99.53 | 5 alignment80
			Skipping alignment 14337856 14338500 | 1 644 | 645 644 | 99.53 | 5 alignment80
			Skipping alignment 14364208 14364851 | 1 644 | 644 644 | 99.38 | 5 alignment80
			Skipping alignment 14335659 14336303 | 1 644 | 645 644 | 99.38 | 5 alignment80
			Skipping alignment 14333464 14334106 | 1 644 | 643 644 | 99.38 | 5 alignment80
			Skipping alignment 14340053 14340695 | 1 644 | 643 644 | 99.38 | 5 alignment80
			Skipping alignment 14366405 14367049 | 1 644 | 645 644 | 98.91 | 5 alignment80

CONTIG: alignment81 (713bp)
Best alignment score: 703.1 (LEN: 713, IDY: 98.61), Total number of alignments: 1
		One align captures most of this contig: 19249063 19249778 | 1 713 | 716 713 | 98.61 | 3 alignment81

CONTIG: alignment82 (707bp)
Best alignment score: 681.0 (LEN: 707, IDY: 96.32), Total number of alignments: 1
		One align captures most of this contig: 3806499 3807183 | 1 707 | 685 707 | 96.32 | 4 alignment82

CONTIG: alignment83 (702bp)
Best alignment score: 702.0 (LEN: 702, IDY: 100.00), Total number of alignments: 2
		This contig has 2 significant alignments. [An ambiguously mapped contig]
		Using only first of these alignment (option --ambiguity-usage is set to "one"):
			Alignment: 103261 103962 | 702 1 | 702 702 | 100.0 | Pt alignment83
			Skipping alignment 134687 135388 | 1 702 | 702 702 | 100.0 | Pt alignment83

CONTIG: alignment84 (708bp)
Best alignment score: 172.0 (LEN: 177, IDY: 97.18), Total number of alignments: 1
			Looking for the best set of alignments (out of 1 total alignments)
			The best set is below. Score: 172.0, number of alignments: 1, unaligned bases: 531
		This contig is partially unaligned. (Aligned 177 out of 708 non-N bases (25.00%))
		Alignment: 2058806 2058982 | 1 177 | 177 177 | 97.18 | 4 alignment84
		Unaligned bases: 178 to 708 (531)

CONTIG: alignment85 (684bp)
Best alignment score: 103.0 (LEN: 103, IDY: 100.00), Total number of alignments: 1
			Looking for the best set of alignments (out of 1 total alignments)
			The best set is below. Score: 103.0, number of alignments: 1, unaligned bases: 581
		This contig is partially unaligned. (Aligned 103 out of 684 non-N bases (15.06%))
		Alignment: 13959050 13959152 | 103 1 | 103 103 | 100.0 | 2 alignment85
		Unaligned bases: 104 to 684 (581)

CONTIG: alignment86 (685bp)
Best alignment score: 682.0 (LEN: 685, IDY: 99.56), Total number of alignments: 1
		One align captures most of this contig: 10039328 10040015 | 685 1 | 688 685 | 99.56 | 4 alignment86

CONTIG: alignment87 (683bp)
Best alignment score: 682.0 (LEN: 683, IDY: 99.85), Total number of alignments: 1
		One align captures most of this contig: 29130827 29131510 | 1 683 | 684 683 | 99.85 | 1 alignment87

CONTIG: alignment88 (657bp)
Best alignment score: 655.0 (LEN: 657, IDY: 99.70), Total number of alignments: 1
		One align captures most of this contig: 17397708 17398365 | 657 1 | 658 657 | 99.7 | 4 alignment88

CONTIG: alignment89 (664bp)
Best alignment score: 663.0 (LEN: 664, IDY: 99.85), Total number of alignments: 1
		One align captures most of this contig: 17254524 17255188 | 1 664 | 665 664 | 99.85 | 4 alignment89

CONTIG: alignment90 (659bp)
Best alignment score: 429.0 (LEN: 429, IDY: 100.00), Total number of alignments: 2
			Looking for the best set of alignments (out of 2 total alignments)
			The best set is below. Score: 648.5, number of alignments: 2, unaligned bases: 0
		This contig is misassembled.
			Excluding internal overlap of size 9 between Alignment 1 and 2: 17639130 17639368 | 659 421 | 239 239 --> 17639130 17639359 | 659 430 | 230 230
			Real Alignment 1: 17639469 17639897 | 429 1 | 429 429 | 100.0 | 1 alignment90
			  Gap between these two alignments (local misassembly). Inconsistency = 109
			Real Alignment 2: 17639130 17639359 | 659 430 | 230 230 | 100.0 | 1 alignment90

CONTIG: alignment91 (651bp)
Best alignment score: 650.0 (LEN: 651, IDY: 99.85), Total number of alignments: 1
		One align captures most of this contig: 1845641 1846292 | 1 651 | 652 651 | 99.85 | 2 alignment91

CONTIG: alignment92 (653bp)
Best alignment score: 651.0 (LEN: 653, IDY: 99.69), Total number of alignments: 1
		One align captures most of this contig: 8381542 8382194 | 653 1 | 653 653 | 99.69 | 4 alignment92

CONTIG: alignment93 (652bp)
Best alignment score: 651.0 (LEN: 652, IDY: 99.85), Total number of alignments: 1
		One align captures most of this contig: 10015820 10016472 | 652 1 | 653 652 | 99.85 | 4 alignment93

CONTIG: alignment94 (641bp)
Best alignment score: 306.0 (LEN: 306, IDY: 100.00), Total number of alignments: 1
			Looking for the best set of alignments (out of 1 total alignments)
			The best set is below. Score: 306.0, number of alignments: 1, unaligned bases: 335
		Alignment: 2610118 2610423 | 306 1 | 306 306 | 100.0 | 5 alignment94

CONTIG: alignment95 (643bp)
Best alignment score: 643.0 (LEN: 643, IDY: 100.00), Total number of alignments: 2
		This contig has 2 significant alignments. [An ambiguously mapped contig]
		Using only first of these alignment (option --ambiguity-usage is set to "one"):
			Alignment: 21823594 21824236 | 1 643 | 643 643 | 100.0 | 1 alignment95
			Skipping alignment 21787336 21787978 | 1 643 | 643 643 | 99.69 | 1 alignment95

CONTIG: alignment96 (640bp)
		This contig is unaligned. (640 bp)
		Unaligned bases: 640 (number of Ns: 0)

CONTIG: alignment97 (605bp)
Best alignment score: 87.0 (LEN: 91, IDY: 95.60), Total number of alignments: 1
			Looking for the best set of alignments (out of 1 total alignments)
			The best set is below. Score: 87.0, number of alignments: 1, unaligned bases: 514
		Alignment: 3040735 3040825 | 484 394 | 91 91 | 95.6 | 4 alignment97

CONTIG: alignment98 (637bp)
Best alignment score: 634.0 (LEN: 637, IDY: 99.53), Total number of alignments: 2
		This contig has 2 significant alignments. [An ambiguously mapped contig]
		Using only first of these alignment (option --ambiguity-usage is set to "one"):
			Alignment: 13441998 13442634 | 637 1 | 637 637 | 99.53 | 5 alignment98
			Skipping alignment 13457951 13458586 | 637 1 | 636 637 | 99.22 | 5 alignment98

CONTIG: alignment99 (603bp)
Best alignment score: 185.0 (LEN: 191, IDY: 96.86), Total number of alignments: 4
			Looking for the best set of alignments (out of 4 total alignments)
			Skipping redundant alignments after choosing the best set of alignments
		Skipping redundant alignment 13837136 13837262 | 66 192 | 127 127 | 95.28 | 3 alignment99
		Skipping redundant alignment 13860178 13860304 | 66 192 | 127 127 | 95.28 | 3 alignment99
		Skipping redundant alignment 13851103 13851229 | 66 192 | 127 127 | 95.28 | 3 alignment99
			The best set is below. Score: 185.0, number of alignments: 1, unaligned bases: 412
		Alignment: 13815390 13815580 | 2 192 | 191 191 | 96.86 | 3 alignment99

CONTIG: alignment100 (621bp)
Best alignment score: 621.0 (LEN: 621, IDY: 100.00), Total number of alignments: 1
		One align captures most of this contig: 115350 115970 | 621 1 | 621 621 | 100.0 | Pt alignment100

CONTIG: alignment101 (581bp)
Best alignment score: 477.0 (LEN: 477, IDY: 100.00), Total number of alignments: 1
			Looking for the best set of alignments (out of 1 total alignments)
			The best set is below. Score: 477.0, number of alignments: 1, unaligned bases: 104
		Alignment: 19697038 19697514 | 1 477 | 477 477 | 100.0 | 2 alignment101

CONTIG: alignment102 (584bp)
Best alignment score: 578.0 (LEN: 584, IDY: 98.97), Total number of alignments: 2
		This contig has 2 significant alignments. [An ambiguously mapped contig]
		Using only first of these alignment (option --ambiguity-usage is set to "one"):
			Alignment: 14195394 14195976 | 1 584 | 583 584 | 98.97 | 3 alignment102
			Skipping alignment 1427 2009 | 1 584 | 583 584 | 98.8 | 2 alignment102

CONTIG: alignment103 (599bp)
Best alignment score: 597.0 (LEN: 599, IDY: 99.67), Total number of alignments: 6
		Skipping these alignments as insignificant (option --ambiguity-score is set to "0.99"):
			Skipping alignment 5570856 5571453 | 1 599 | 598 599 | 98.66 | 2 alignment103
			Skipping alignment 3743689 3744288 | 599 1 | 600 599 | 98.5 | 4 alignment103
			Skipping alignment 12036938 12037536 | 599 1 | 599 599 | 97.66 | 5 alignment103
		This contig has 3 significant alignments. [An ambiguously mapped contig]
		Using only first of these alignment (option --ambiguity-usage is set to "one"):
			Alignment: 15828940 15829538 | 599 1 | 599 599 | 99.67 | 1 alignment103
			Skipping alignment 15841153 15841751 | 599 1 | 599 599 | 99.5 | 1 alignment103
			Skipping alignment 15184767 15185365 | 1 599 | 599 599 | 98.83 | 1 alignment103

CONTIG: alignment104 (600bp)
Best alignment score: 597.0 (LEN: 600, IDY: 99.50), Total number of alignments: 1
		One align captures most of this contig: 8987016 8987616 | 600 1 | 601 600 | 99.5 | 4 alignment104

CONTIG: alignment105 (595bp)
Best alignment score: 594.0 (LEN: 595, IDY: 99.83), Total number of alignments: 1
		One align captures most of this contig: 15483506 15484101 | 595 1 | 596 595 | 99.83 | 2 alignment105

CONTIG: alignment106 (591bp)
Best alignment score: 586.0 (LEN: 591, IDY: 99.16), Total number of alignments: 1
		One align captures most of this contig: 9612165 9612760 | 591 1 | 596 591 | 99.16 | 4 alignment106

CONTIG: alignment107 (590bp)
Best alignment score: 590.0 (LEN: 590, IDY: 100.00), Total number of alignments: 2
		This contig has 2 significant alignments. [An ambiguously mapped contig]
		Using only first of these alignment (option --ambiguity-usage is set to "one"):
			Alignment: 21788206 21788795 | 1 590 | 590 590 | 100.0 | 1 alignment107
			Skipping alignment 21824464 21825053 | 1 590 | 590 590 | 100.0 | 1 alignment107

CONTIG: alignment108 (583bp)
		This contig is unaligned. (583 bp)
		Unaligned bases: 583 (number of Ns: 0)

CONTIG: alignment109 (589bp)
Best alignment score: 575.2 (LEN: 589, IDY: 97.66), Total number of alignments: 1
		One align captures most of this contig: 9434921 9435519 | 589 1 | 599 589 | 97.66 | 4 alignment109

CONTIG: alignment110 (587bp)
		This contig is unaligned. (587 bp)
		Unaligned bases: 587 (number of Ns: 0)

CONTIG: alignment111 (585bp)
Best alignment score: 574.1 (LEN: 585, IDY: 98.14), Total number of alignments: 1
		One align captures most of this contig: 8584668 8585253 | 1 585 | 586 585 | 98.14 | 4 alignment111

CONTIG: alignment112 (584bp)
Best alignment score: 575.1 (LEN: 583, IDY: 98.64), Total number of alignments: 1
		One align captures most of this contig: 8976388 8976976 | 1 583 | 589 583 | 98.64 | 4 alignment112

CONTIG: alignment113 (584bp)
Best alignment score: 583.0 (LEN: 584, IDY: 99.83), Total number of alignments: 1
		One align captures most of this contig: 9312964 9313548 | 1 584 | 585 584 | 99.83 | 4 alignment113

CONTIG: alignment114 (582bp)
Best alignment score: 581.0 (LEN: 582, IDY: 99.83), Total number of alignments: 1
		One align captures most of this contig: 10913529 10914111 | 582 1 | 583 582 | 99.83 | 2 alignment114

CONTIG: alignment115 (573bp)
Best alignment score: 572.0 (LEN: 573, IDY: 99.83), Total number of alignments: 1
		One align captures most of this contig: 11892410 11892982 | 1 573 | 573 573 | 99.83 | 1 alignment115

CONTIG: alignment116 (551bp)
Best alignment score: 543.0 (LEN: 551, IDY: 98.55), Total number of alignments: 4
		This contig has 4 significant alignments. [An ambiguously mapped contig]
		Using only first of these alignment (option --ambiguity-usage is set to "one"):
			Alignment: 14958987 14959537 | 551 1 | 551 551 | 98.55 | 3 alignment116
			Skipping alignment 18736843 18737393 | 1 551 | 551 551 | 98.55 | 3 alignment116
			Skipping alignment 6540983 6541533 | 1 551 | 551 551 | 98.37 | 1 alignment116
			Skipping alignment 10902144 10902687 | 8 551 | 544 544 | 99.63 | 4 alignment116

CONTIG: alignment117 (563bp)
Best alignment score: 563.0 (LEN: 563, IDY: 100.00), Total number of alignments: 1
		One align captures most of this contig: 125047 125609 | 563 1 | 563 563 | 100.0 | Pt alignment117

CONTIG: alignment118 (559bp)
Best alignment score: 557.0 (LEN: 559, IDY: 99.64), Total number of alignments: 1
		One align captures most of this contig: 8642076 8642634 | 559 1 | 559 559 | 99.64 | 4 alignment118

CONTIG: alignment119 (506bp)
Best alignment score: 64.0 (LEN: 67, IDY: 95.52), Total number of alignments: 1
			Looking for the best set of alignments (out of 1 total alignments)
			The best set is below. Score: 64.0, number of alignments: 1, unaligned bases: 439
		Alignment: 2964464 2964530 | 95 29 | 67 67 | 95.52 | 4 alignment119

CONTIG: alignment120 (537bp)
		This contig is unaligned. (537 bp)
		Unaligned bases: 537 (number of Ns: 0)

CONTIG: alignment121 (543bp)
Best alignment score: 542.0 (LEN: 543, IDY: 99.82), Total number of alignments: 1
		One align captures most of this contig: 2678737 2679280 | 543 1 | 544 543 | 99.82 | 5 alignment121

CONTIG: alignment122 (542bp)
Best alignment score: 519.9 (LEN: 542, IDY: 95.93), Total number of alignments: 1
		One align captures most of this contig: 12509668 12510232 | 1 542 | 565 542 | 95.93 | 4 alignment122

CONTIG: alignment123 (537bp)
Best alignment score: 536.0 (LEN: 537, IDY: 99.81), Total number of alignments: 1
		One align captures most of this contig: 6369109 6369646 | 1 537 | 538 537 | 99.81 | 2 alignment123

CONTIG: alignment124 (534bp)
		This contig is unaligned. (534 bp)
		Unaligned bases: 534 (number of Ns: 0)

CONTIG: alignment126 (526bp)
Best alignment score: 323.0 (LEN: 339, IDY: 95.28), Total number of alignments: 4
			Looking for the best set of alignments (out of 4 total alignments)
			Skipping redundant alignments after choosing the best set of alignments
		Skipping redundant alignment 15389190 15389369 | 180 1 | 180 180 | 95.56 | 1 alignment126
		Skipping redundant alignment 15388851 15389189 | 526 188 | 339 339 | 95.28 | 1 alignment126
		This contig has several significant sets of alignments. [An ambiguously mapped contig]
		Using only the very best set (option --ambiguity-usage is set to "one").
			The best set is below. Score: 495.0, number of alignments: 2, unaligned bases: 7
		This contig is misassembled.
			Real Alignment 1: 15291086 15291265 | 180 1 | 180 180 | 95.56 | 1 alignment126
			  Indel (> 5bp) between these two alignments: insertion of length 7; 0 mismatches (number of Ns: 0)
			Real Alignment 2: 15290747 15291085 | 526 188 | 339 339 | 95.28 | 1 alignment126

CONTIG: alignment127 (526bp)
Best alignment score: 526.0 (LEN: 526, IDY: 100.00), Total number of alignments: 1
		One align captures most of this contig: 46901 47426 | 526 1 | 526 526 | 100.0 | Pt alignment127

CONTIG: alignment129 (518bp)
Best alignment score: 518.0 (LEN: 518, IDY: 100.00), Total number of alignments: 2
		This contig has 2 significant alignments. [An ambiguously mapped contig]
		Using only first of these alignment (option --ambiguity-usage is set to "one"):
			Alignment: 3386466 3386983 | 1 518 | 518 518 | 100.0 | 2 alignment129
			Skipping alignment 130083 130600 | 1 518 | 518 518 | 100.0 | Mt alignment129

CONTIG: alignment130 (524bp)
Best alignment score: 524.0 (LEN: 524, IDY: 100.00), Total number of alignments: 1
		One align captures most of this contig: 65378 65901 | 524 1 | 524 524 | 100.0 | Pt alignment130

CONTIG: alignment132 (512bp)
Best alignment score: 511.0 (LEN: 512, IDY: 99.81), Total number of alignments: 1
		One align captures most of this contig: 9914100 9914612 | 512 1 | 513 512 | 99.81 | 4 alignment132

CONTIG: alignment133 (511bp)
Best alignment score: 511.0 (LEN: 511, IDY: 100.00), Total number of alignments: 1
		One align captures most of this contig: 8124899 8125409 | 511 1 | 511 511 | 100.0 | 2 alignment133

CONTIG: alignment134 (509bp)
Best alignment score: 509.0 (LEN: 509, IDY: 100.00), Total number of alignments: 2
		This contig has 2 significant alignments. [An ambiguously mapped contig]
		Using only first of these alignment (option --ambiguity-usage is set to "one"):
			Alignment: 99681 100189 | 1 509 | 509 509 | 100.0 | Pt alignment134
			Skipping alignment 138460 138968 | 509 1 | 509 509 | 100.0 | Pt alignment134

CONTIG: alignment135 (510bp)
Best alignment score: 510.0 (LEN: 510, IDY: 100.00), Total number of alignments: 1
		One align captures most of this contig: 4349003 4349512 | 510 1 | 510 510 | 100.0 | 2 alignment135

CONTIG: alignment136 (510bp)
Best alignment score: 507.0 (LEN: 507, IDY: 100.00), Total number of alignments: 1
		One align captures most of this contig: 11210074 11210580 | 507 1 | 507 507 | 100.0 | 5 alignment136

CONTIG: alignment137 (500bp)
Best alignment score: 262.0 (LEN: 262, IDY: 100.00), Total number of alignments: 2
			Looking for the best set of alignments (out of 2 total alignments)
			The best set is below. Score: 492.0, number of alignments: 2, unaligned bases: 0
		This contig is misassembled.
			Excluding internal overlap of size 8 between Alignment 1 and 2: 9171983 9172228 | 255 500 | 246 246 --> 9171991 9172228 | 263 500 | 238 238
			Real Alignment 1: 9171621 9171882 | 1 262 | 262 262 | 100.0 | 3 alignment137
			  Gap between these two alignments (local misassembly). Inconsistency = 108
			Real Alignment 2: 9171991 9172228 | 263 500 | 238 238 | 100.0 | 3 alignment137

CONTIG: alignment139 (506bp)
Best alignment score: 413.0 (LEN: 413, IDY: 100.00), Total number of alignments: 1
			Looking for the best set of alignments (out of 1 total alignments)
			The best set is below. Score: 413.0, number of alignments: 1, unaligned bases: 93
		Alignment: 14581720 14582132 | 94 506 | 413 413 | 100.0 | 1 alignment139

CONTIG: alignment140 (504bp)
		This contig is unaligned. (504 bp)
		Unaligned bases: 504 (number of Ns: 0)

CONTIG: alignment141 (505bp)
Best alignment score: 415.0 (LEN: 416, IDY: 99.76), Total number of alignments: 1
			Looking for the best set of alignments (out of 1 total alignments)
			The best set is below. Score: 415.0, number of alignments: 1, unaligned bases: 89
		Alignment: 129 543 | 416 1 | 415 416 | 99.76 | 3 alignment141

CONTIG: alignment142 (504bp)
Best alignment score: 504.0 (LEN: 504, IDY: 100.00), Total number of alignments: 1
		One align captures most of this contig: 620697 621200 | 504 1 | 504 504 | 100.0 | 5 alignment142

CONTIG: alignment143 (503bp)
Best alignment score: 503.0 (LEN: 503, IDY: 100.00), Total number of alignments: 1
		One align captures most of this contig: 80785 81287 | 503 1 | 503 503 | 100.0 | Pt alignment143

Analyzing coverage...
Writing SNPs into /mnt/groups/plg-groups/plggillumina/DominikKrzysiu/grasshopper/probaUruchomienia/quast_wyniki/quast_results/results_2019_03_07_11_37_32/contigs_reports/minimap_output/ma_T0.used_snps.gz

Analysis is finished!
Founded SNPs were written into /mnt/groups/plg-groups/plggillumina/DominikKrzysiu/grasshopper/probaUruchomienia/quast_wyniki/quast_results/results_2019_03_07_11_37_32/contigs_reports/minimap_output/ma_T0.used_snps.gz

Results:
	Local Misassemblies: 9
	Misassemblies: 2
		Relocations: 1
		Translocations: 1
		Inversions: 0
	Scaffold gap extensive misassemblies: 0
	Scaffold gap local misassemblies: 0
	Misassembled Contigs: 2
	Misassembled Contig Bases: 1854
	Misassemblies Inter-Contig Overlap: 0
Unaligned Contigs: 13 + 27 part
Half Unaligned Contigs with Misassemblies: 7
Unaligned Contig Bases: 67535

Ambiguously Mapped Contigs: 31
Total Bases in Ambiguously Mapped Contigs: 37713
Extra Bases in Ambiguously Mapped Contigs: 0
Note that --allow-ambiguity option was set to "one" and only first alignment per each of these contigs was used.

	Covered Bases: 86537

	SNPs: 305
	Insertions: 67
	Deletions: 203

